<?xml version="1.0" encoding="UTF-8"?>
<testsuite xmlns:xsi="http://www.w3.org/2001/XMLSchema-instance" xsi:noNamespaceSchemaLocation="https://maven.apache.org/surefire/maven-surefire-plugin/xsd/surefire-test-report.xsd" version="3.0.2" name="com.restoransistemi.RestoranYonetimi.RestaurantYonetimiApplicationTests" time="3.931" tests="1" errors="0" skipped="0" failures="0">
  <properties>
[...]
</properties>
  <testcase name="contextLoads" classname="com.restoransistemi.RestoranYonetimi.RestaurantYonetimiApplicationTests" time="0.357">
    <system-out><![CDATA[03:48:07.951 [main] INFO org.springframework.test.context.support.AnnotationConfigContextLoaderUtils -- Could not detect default configuration classes for test class [com.restoransistemi.RestoranYonetimi.RestaurantYonetimiApplicationTests]: RestaurantYonetimiApplicationTests does not declare any static, non-private, non-final, nested classes annotated with @Configuration.
03:48:08.030 [main] INFO org.springframework.boot.test.context.SpringBootTestContextBootstrapper -- Found @SpringBootConfiguration com.restoransistemi.RestaurantManagementApplication for test class com.restoransistemi.RestoranYonetimi.RestaurantYonetimiApplicationTests

  .   ____          _            __ _ _
 /\\ / ___'_ __ _ _(_)_ __  __ _ \ \ \ \
( ( )\___ | '_ | '_| | '_ \/ _` | \ \ \ \
 \\/  ___)| |_)| | | | | || (_| |  ) ) ) )
  '  |____| .__|_| |_|_| |_\__, | / / / /
 =========|_|==============|___/=/_/_/_/

 :: Spring Boot ::                (v3.5.6)

2026-09-18T03:48:08.338+03:00  INFO 29804 --- [           main] c.r.R.RestaurantYonetimiApplicationTests : Starting RestaurantYonetimiApplicationTests using Java 25.0.2 with PID 29804 (started by user in C:\Users\user\Desktop\RestoranMikroservis\RestoranYonetimi)
2026-09-18T03:48:08.339+03:00  INFO 29804 --- [           main] c.r.R.RestaurantYonetimiApplicationTests : No active profile set, falling back to 1 default profile: "default"
2026-09-18T03:48:08.975+03:00  INFO 29804 --- [           main] .s.d.r.c.RepositoryConfigurationDelegate : Bootstrapping Spring Data JPA repositories in DEFAULT mode.
2026-09-18T03:48:09.017+03:00  INFO 29804 --- [           main] .s.d.r.c.RepositoryConfigurationDelegate : Finished Spring Data repository scanning in 33 ms. Found 1 JPA repository interface.
2026-09-18T03:48:09.362+03:00  INFO 29804 --- [           main] o.hibernate.jpa.internal.util.LogHelper  : HHH000204: Processing PersistenceUnitInfo [name: default]
2026-09-18T03:48:09.412+03:00  INFO 29804 --- [           main] org.hibernate.Version                    : HHH000412: Hibernate ORM core version 6.6.29.Final
2026-09-18T03:48:09.441+03:00  INFO 29804 --- [           main] o.h.c.internal.RegionFactoryInitiator    : HHH000026: Second-level cache disabled
2026-09-18T03:48:09.714+03:00  INFO 29804 --- [           main] o.s.o.j.p.SpringPersistenceUnitInfo      : No LoadTimeWeaver setup: ignoring JPA class transformer
2026-09-18T03:48:09.742+03:00  INFO 29804 --- [           main] com.zaxxer.hikari.HikariDataSource       : HikariPool-1 - Starting...
2026-09-18T03:48:09.874+03:00  INFO 29804 --- [           main] com.zaxxer.hikari.pool.HikariPool        : HikariPool-1 - Added connection conn0: url=jdbc:h2:mem:restaurant-test user=SA
2026-09-18T03:48:09.876+03:00  INFO 29804 --- [           main] com.zaxxer.hikari.HikariDataSource       : HikariPool-1 - Start completed.
2026-09-18T03:48:09.921+03:00  INFO 29804 --- [           main] org.hibernate.orm.connections.pooling    : HHH10001005: Database info:
	Database JDBC URL [Connecting through datasource 'HikariDataSource (HikariPool-1)']
	Database driver: undefined/unknown
	Database version: 2.3.232
	Autocommit mode: undefined/unknown
	Isolation level: undefined/unknown
	Minimum pool size: undefined/unknown
	Maximum pool size: undefined/unknown
2026-09-18T03:48:10.439+03:00  INFO 29804 --- [           main] o.h.e.t.j.p.i.JtaPlatformInitiator       : HHH000489: No JTA platform available (set 'hibernate.transaction.jta.platform' to enable JTA platform integration)
2026-09-18T03:48:10.462+03:00  INFO 29804 --- [           main] j.LocalContainerEntityManagerFactoryBean : Initialized JPA EntityManagerFactory for persistence unit 'default'
2026-09-18T03:48:11.300+03:00  INFO 29804 --- [           main] o.s.b.a.e.web.EndpointLinksResolver      : Exposing 1 endpoint beneath base path '/actuator'
2026-09-18T03:48:11.354+03:00  INFO 29804 --- [           main] c.r.R.RestaurantYonetimiApplicationTests : Started RestaurantYonetimiApplicationTests in 3.214 seconds (process running for 3.878)
]]></system-out>
    <system-err><![CDATA[Mockito is currently self-attaching to enable the inline-mock-maker. This will no longer work in future releases of the JDK. Please add Mockito as an agent to your build as described in Mockito's documentation: https://javadoc.io/doc/org.mockito/mockito-core/latest/org.mockito/org/mockito/Mockito.html#0.3
WARNING: A Java agent has been loaded dynamically (C:\Users\user\.m2\repository\net\bytebuddy\byte-buddy-agent\1.17.7\byte-buddy-agent-1.17.7.jar)
WARNING: If a serviceability tool is in use, please run with -XX:+EnableDynamicAgentLoading to hide this warning
WARNING: If a serviceability tool is not in use, please run with -Djdk.instrument.traceUsage for more information
WARNING: Dynamic loading of agents will be disallowed by default in a future release
]]></system-err>
  </testcase>
</testsuite>